This file contains any messages produced by compilers while
running configure, to aid debugging if configure makes a mistake.

It was created by configure, which was
generated by GNU Autoconf 2.69.  Invocation command line was

  $ ./configure --with-php-config=/usr/local/webserver/php/bin/php-config/php-config

## --------- ##
## Platform. ##
## --------- ##

hostname = oranges-linux
uname -m = x86_64
uname -r = 3.5.0-17-generic
uname -s = Linux
uname -v = #28-Ubuntu SMP Tue Oct 9 19:31:23 UTC 2012

/usr/bin/uname -p = unknown
/bin/uname -X     = unknown

/bin/arch              = unknown
/usr/bin/arch -k       = unknown
/usr/convex/getsysinfo = unknown
/usr/bin/hostinfo      = unknown
/bin/machine           = unknown
/usr/bin/oslevel       = unknown
/bin/universe          = unknown

PATH: /usr/local/sbin
PATH: /usr/local/bin
PATH: /usr/sbin
PATH: /usr/bin
PATH: /sbin
PATH: /bin


## ----------- ##
## Core tests. ##
## ----------- ##

configure:2293: checking for grep that handles long lines and -e
configure:2351: result: /bin/grep
configure:2356: checking for egrep
configure:2418: result: /bin/grep -E
configure:2423: checking for a sed that does not truncate output
configure:2477: result: /bin/sed
configure:2609: checking for cc
configure:2625: found /usr/bin/cc
configure:2636: result: cc
configure:2667: checking for C compiler version
configure:2676: cc --version >&5
cc (Ubuntu/Linaro 4.7.2-2ubuntu1) 4.7.2
Copyright (C) 2012 Free Software Foundation, Inc.
This is free software; see the source for copying conditions.  There is NO
warranty; not even for MERCHANTABILITY or FITNESS FOR A PARTICULAR PURPOSE.

configure:2687: $? = 0
configure:2676: cc -v >&5
Using built-in specs.
COLLECT_GCC=cc
COLLECT_LTO_WRAPPER=/usr/lib/gcc/x86_64-linux-gnu/4.7/lto-wrapper
Target: x86_64-linux-gnu
Configured with: ../src/configure -v --with-pkgversion='Ubuntu/Linaro 4.7.2-2ubuntu1' --with-bugurl=file:///usr/share/doc/gcc-4.7/README.Bugs --enable-languages=c,c++,go,fortran,objc,obj-c++ --prefix=/usr --program-suffix=-4.7 --enable-shared --enable-linker-build-id --with-system-zlib --libexecdir=/usr/lib --without-included-gettext --enable-threads=posix --with-gxx-include-dir=/usr/include/c++/4.7 --libdir=/usr/lib --enable-nls --with-sysroot=/ --enable-clocale=gnu --enable-libstdcxx-debug --enable-libstdcxx-time=yes --enable-gnu-unique-object --enable-plugin --enable-objc-gc --disable-werror --with-arch-32=i686 --with-tune=generic --enable-checking=release --build=x86_64-linux-gnu --host=x86_64-linux-gnu --target=x86_64-linux-gnu
Thread model: posix
gcc version 4.7.2 (Ubuntu/Linaro 4.7.2-2ubuntu1) 
configure:2687: $? = 0
configure:2676: cc -V >&5
cc: error: unrecognized command line option '-V'
cc: fatal error: no input files
compilation terminated.
configure:2687: $? = 4
configure:2676: cc -qversion >&5
cc: error: unrecognized command line option '-qversion'
cc: fatal error: no input files
compilation terminated.
configure:2687: $? = 4
configure:2707: checking whether the C compiler works
configure:2729: cc    conftest.c  >&5
configure:2733: $? = 0
configure:2781: result: yes
configure:2784: checking for C compiler default output file name
configure:2786: result: a.out
configure:2792: checking for suffix of executables
configure:2799: cc -o conftest    conftest.c  >&5
configure:2803: $? = 0
configure:2825: result: 
configure:2847: checking whether we are cross compiling
configure:2855: cc -o conftest    conftest.c  >&5
configure:2859: $? = 0
configure:2866: ./conftest
configure:2870: $? = 0
configure:2885: result: no
configure:2890: checking for suffix of object files
configure:2912: cc -c   conftest.c >&5
configure:2916: $? = 0
configure:2937: result: o
configure:2941: checking whether we are using the GNU C compiler
configure:2960: cc -c   conftest.c >&5
configure:2960: $? = 0
configure:2969: result: yes
configure:2978: checking whether cc accepts -g
configure:2998: cc -c -g  conftest.c >&5
configure:2998: $? = 0
configure:3039: result: yes
configure:3056: checking for cc option to accept ISO C89
configure:3119: cc  -c -g -O2  conftest.c >&5
configure:3119: $? = 0
configure:3132: result: none needed
configure:3158: checking how to run the C preprocessor
configure:3189: cc -E  conftest.c
configure:3189: $? = 0
configure:3203: cc -E  conftest.c
conftest.c:9:28: fatal error: ac_nonexistent.h: No such file or directory
compilation terminated.
configure:3203: $? = 1
configure: failed program was:
| /* confdefs.h */
| #define PACKAGE_NAME ""
| #define PACKAGE_TARNAME ""
| #define PACKAGE_VERSION ""
| #define PACKAGE_STRING ""
| #define PACKAGE_BUGREPORT ""
| #define PACKAGE_URL ""
| /* end confdefs.h.  */
| #include <ac_nonexistent.h>
configure:3228: result: cc -E
configure:3248: cc -E  conftest.c
configure:3248: $? = 0
configure:3262: cc -E  conftest.c
conftest.c:9:28: fatal error: ac_nonexistent.h: No such file or directory
compilation terminated.
configure:3262: $? = 1
configure: failed program was:
| /* confdefs.h */
| #define PACKAGE_NAME ""
| #define PACKAGE_TARNAME ""
| #define PACKAGE_VERSION ""
| #define PACKAGE_STRING ""
| #define PACKAGE_BUGREPORT ""
| #define PACKAGE_URL ""
| /* end confdefs.h.  */
| #include <ac_nonexistent.h>
configure:3293: checking for icc
configure:3302: result: no
configure:3316: checking for suncc
configure:3325: result: no
configure:3343: checking whether cc understands -c and -o together
configure:3371: cc -c conftest.c -o conftest2.o >&5
configure:3375: $? = 0
configure:3381: cc -c conftest.c -o conftest2.o >&5
configure:3385: $? = 0
configure:3440: result: yes
configure:3454: checking for system library directory
configure:3469: result: lib
configure:3476: checking if compiler supports -R
configure:3495: cc -o conftest -g -O2   conftest.c -R /usr/lib  >&5
cc: error: unrecognized option '-R'
configure:3495: $? = 1
configure: failed program was:
| /* confdefs.h */
| #define PACKAGE_NAME ""
| #define PACKAGE_TARNAME ""
| #define PACKAGE_VERSION ""
| #define PACKAGE_STRING ""
| #define PACKAGE_BUGREPORT ""
| #define PACKAGE_URL ""
| /* end confdefs.h.  */
| 
| int
| main ()
| {
| 
|   ;
|   return 0;
| }
configure:3505: result: no
configure:3510: checking if compiler supports -Wl,-rpath,
configure:3529: cc -o conftest -g -O2   conftest.c -Wl,-rpath,/usr/lib  >&5
configure:3529: $? = 0
configure:3539: result: yes
configure:3584: checking build system type
configure:3598: result: x86_64-unknown-linux-gnu
configure:3618: checking host system type
configure:3631: result: x86_64-unknown-linux-gnu
configure:3651: checking target system type
configure:3664: result: x86_64-unknown-linux-gnu
configure:3767: checking for PHP prefix
configure:3769: result: /usr/local/webserver/php
configure:3771: checking for PHP includes
configure:3773: result: -I/usr/local/webserver/php/include/php -I/usr/local/webserver/php/include/php/main -I/usr/local/webserver/php/include/php/TSRM -I/usr/local/webserver/php/include/php/Zend -I/usr/local/webserver/php/include/php/ext -I/usr/local/webserver/php/include/php/ext/date/lib
configure:3775: checking for PHP extension directory
configure:3777: result: /usr/local/webserver/php/lib/php/extensions/no-debug-non-zts-20100525
configure:3779: checking for PHP installed headers prefix
configure:3781: result: /usr/local/webserver/php/include/php
configure:3784: checking if debug is enabled
configure:3810: result: no
configure:3813: checking if zts is enabled
configure:3839: result: no
configure:3910: checking for re2c
configure:3940: result: no
configure:3965: WARNING: You will need re2c 0.13.4 or later if you want to regenerate PHP parsers.
configure:3979: checking for gawk
configure:4010: result: no
configure:3979: checking for nawk
configure:3996: found /usr/bin/nawk
configure:4007: result: nawk
configure:4030: checking if nawk is broken
configure:4037: result: no
configure:4055: checking whether to enable skynet support
configure:4094: result: yes, shared
configure:4494: checking for ld used by cc
configure:4561: result: /usr/bin/ld
configure:4568: checking if the linker (/usr/bin/ld) is GNU ld
configure:4583: result: yes
configure:4588: checking for /usr/bin/ld option to reload object files
configure:4595: result: -r
configure:4613: checking for BSD-compatible nm
configure:4662: result: /usr/bin/nm -B
configure:4666: checking whether ln -s works
configure:4670: result: yes
configure:4677: checking how to recognize dependent libraries
configure:4863: result: pass_all
configure:4948: cc -c -g -O2  conftest.c >&5
configure:4951: $? = 0
configure:5075: checking for ANSI C header files
configure:5095: cc -c -g -O2  conftest.c >&5
configure:5095: $? = 0
configure:5168: cc -o conftest -g -O2   conftest.c  >&5
configure:5168: $? = 0
configure:5168: ./conftest
configure:5168: $? = 0
configure:5179: result: yes
configure:5192: checking for sys/types.h
configure:5192: cc -c -g -O2  conftest.c >&5
configure:5192: $? = 0
configure:5192: result: yes
configure:5192: checking for sys/stat.h
configure:5192: cc -c -g -O2  conftest.c >&5
configure:5192: $? = 0
configure:5192: result: yes
configure:5192: checking for stdlib.h
configure:5192: cc -c -g -O2  conftest.c >&5
configure:5192: $? = 0
configure:5192: result: yes
configure:5192: checking for string.h
configure:5192: cc -c -g -O2  conftest.c >&5
configure:5192: $? = 0
configure:5192: result: yes
configure:5192: checking for memory.h
configure:5192: cc -c -g -O2  conftest.c >&5
configure:5192: $? = 0
configure:5192: result: yes
configure:5192: checking for strings.h
configure:5192: cc -c -g -O2  conftest.c >&5
configure:5192: $? = 0
configure:5192: result: yes
configure:5192: checking for inttypes.h
configure:5192: cc -c -g -O2  conftest.c >&5
configure:5192: $? = 0
configure:5192: result: yes
configure:5192: checking for stdint.h
configure:5192: cc -c -g -O2  conftest.c >&5
configure:5192: $? = 0
configure:5192: result: yes
configure:5192: checking for unistd.h
configure:5192: cc -c -g -O2  conftest.c >&5
configure:5192: $? = 0
configure:5192: result: yes
configure:5206: checking dlfcn.h usability
configure:5206: cc -c -g -O2  conftest.c >&5
configure:5206: $? = 0
configure:5206: result: yes
configure:5206: checking dlfcn.h presence
configure:5206: cc -E  conftest.c
configure:5206: $? = 0
configure:5206: result: yes
configure:5206: checking for dlfcn.h
configure:5206: result: yes
configure:5228: checking the maximum length of command line arguments
configure:5340: result: 1572864
configure:5352: checking command to parse /usr/bin/nm -B output from cc object
configure:5457: cc -c -g -O2  conftest.c >&5
configure:5460: $? = 0
configure:5464: /usr/bin/nm -B conftest.o \| sed -n -e 's/^.*[ 	]\([ABCDGIRSTW][ABCDGIRSTW]*\)[ 	][ 	]*\([_A-Za-z][_A-Za-z0-9]*\)$/\1 \2 \2/p' \> conftest.nm
configure:5467: $? = 0
configure:5519: cc -o conftest -g -O2   conftest.c conftstm.o >&5
configure:5522: $? = 0
configure:5560: result: ok
configure:5564: checking for objdir
configure:5579: result: .libs
configure:5671: checking for ar
configure:5687: found /usr/bin/ar
configure:5698: result: ar
configure:5763: checking for ranlib
configure:5779: found /usr/bin/ranlib
configure:5790: result: ranlib
configure:5855: checking for strip
configure:5871: found /usr/bin/strip
configure:5882: result: strip
configure:6451: checking if cc supports -fno-rtti -fno-exceptions
configure:6469: cc -c -g -O2  -fno-rtti -fno-exceptions conftest.c >&5
cc1: warning: command line option '-fno-rtti' is valid for C++/ObjC++ but not for C [enabled by default]
configure:6473: $? = 0
configure:6486: result: no
configure:6501: checking for cc option to produce PIC
configure:6741: result: -fPIC
configure:6749: checking if cc PIC flag -fPIC works
configure:6767: cc -c -g -O2  -fPIC -DPIC conftest.c >&5
configure:6771: $? = 0
configure:6784: result: yes
configure:6812: checking if cc static flag -static works
configure:6840: result: yes
configure:6850: checking if cc supports -c -o file.o
configure:6871: cc -c -g -O2  -o out/conftest2.o conftest.c >&5
configure:6875: $? = 0
configure:6897: result: yes
configure:6923: checking whether the cc linker (/usr/bin/ld -m elf_x86_64) supports shared libraries
configure:7855: result: yes
configure:7876: checking whether -lc should be explicitly linked in
configure:7881: cc -c -g -O2  conftest.c >&5
configure:7884: $? = 0
configure:7899: cc -shared conftest.o  -v -Wl,-soname -Wl,conftest -o conftest 2\>\&1 \| grep  -lc  \>/dev/null 2\>\&1
configure:7902: $? = 0
configure:7914: result: no
configure:7922: checking dynamic linker characteristics
configure:8524: result: GNU/Linux ld.so
configure:8548: checking how to hardcode library paths into programs
configure:8573: result: immediate
configure:8587: checking whether stripping libraries is possible
configure:8592: result: yes
configure:9109: checking if libtool supports shared libraries
configure:9111: result: yes
configure:9114: checking whether to build shared libraries
configure:9135: result: yes
configure:9138: checking whether to build static libraries
configure:9142: result: no
configure:9237: result:
creating libtool
configure:12940: creating ./config.status

## ---------------------- ##
## Running config.status. ##
## ---------------------- ##

This file was extended by config.status, which was
generated by GNU Autoconf 2.69.  Invocation command line was

  CONFIG_FILES    = 
  CONFIG_HEADERS  = 
  CONFIG_LINKS    = 
  CONFIG_COMMANDS = 
  $ ./config.status 

on oranges-linux

config.status:675: creating config.h
config.status:765: config.h is unchanged

## ---------------- ##
## Cache variables. ##
## ---------------- ##

ac_cv_build=x86_64-unknown-linux-gnu
ac_cv_c_compiler_gnu=yes
ac_cv_env_CC_set=
ac_cv_env_CC_value=
ac_cv_env_CFLAGS_set=
ac_cv_env_CFLAGS_value=
ac_cv_env_CPPFLAGS_set=
ac_cv_env_CPPFLAGS_value=
ac_cv_env_CPP_set=
ac_cv_env_CPP_value=
ac_cv_env_LDFLAGS_set=
ac_cv_env_LDFLAGS_value=
ac_cv_env_LIBS_set=
ac_cv_env_LIBS_value=
ac_cv_env_build_alias_set=
ac_cv_env_build_alias_value=
ac_cv_env_host_alias_set=
ac_cv_env_host_alias_value=
ac_cv_env_target_alias_set=
ac_cv_env_target_alias_value=
ac_cv_header_dlfcn_h=yes
ac_cv_header_inttypes_h=yes
ac_cv_header_memory_h=yes
ac_cv_header_stdc=yes
ac_cv_header_stdint_h=yes
ac_cv_header_stdlib_h=yes
ac_cv_header_string_h=yes
ac_cv_header_strings_h=yes
ac_cv_header_sys_stat_h=yes
ac_cv_header_sys_types_h=yes
ac_cv_header_unistd_h=yes
ac_cv_host=x86_64-unknown-linux-gnu
ac_cv_objext=o
ac_cv_path_EGREP='/bin/grep -E'
ac_cv_path_GREP=/bin/grep
ac_cv_prog_AWK=nawk
ac_cv_prog_CPP='cc -E'
ac_cv_prog_ac_ct_AR=ar
ac_cv_prog_ac_ct_CC=cc
ac_cv_prog_ac_ct_RANLIB=ranlib
ac_cv_prog_ac_ct_STRIP=strip
ac_cv_prog_cc_c89=
ac_cv_prog_cc_cc_c_o=yes
ac_cv_prog_cc_g=yes
ac_cv_target=x86_64-unknown-linux-gnu
lt_cv_deplibs_check_method=pass_all
lt_cv_file_magic_cmd='$MAGIC_CMD'
lt_cv_file_magic_test_file=
lt_cv_ld_reload_flag=-r
lt_cv_objdir=.libs
lt_cv_path_LD=/usr/bin/ld
lt_cv_path_NM='/usr/bin/nm -B'
lt_cv_path_SED=/bin/sed
lt_cv_prog_compiler_c_o=yes
lt_cv_prog_compiler_pic_works=yes
lt_cv_prog_compiler_rtti_exceptions=no
lt_cv_prog_compiler_static_works=yes
lt_cv_prog_gnu_ld=yes
lt_cv_sys_global_symbol_pipe='sed -n -e '\''s/^.*[ 	]\([ABCDGIRSTW][ABCDGIRSTW]*\)[ 	][ 	]*\([_A-Za-z][_A-Za-z0-9]*\)$/\1 \2 \2/p'\'''
lt_cv_sys_global_symbol_to_c_name_address='sed -n -e '\''s/^: \([^ ]*\) $/  {\"\1\", (lt_ptr) 0},/p'\'' -e '\''s/^[BCDEGRST] \([^ ]*\) \([^ ]*\)$/  {"\2", (lt_ptr) \&\2},/p'\'''
lt_cv_sys_global_symbol_to_cdecl='sed -n -e '\''s/^. .* \(.*\)$/extern int \1;/p'\'''
lt_cv_sys_lib_dlsearch_path_spec='/lib /usr/lib /usr/lib/i386-linux-gnu/mesa /lib/i386-linux-gnu /usr/lib/i386-linux-gnu /lib/i686-linux-gnu /usr/lib/i686-linux-gnu /usr/local/lib /lib/x86_64-linux-gnu /usr/lib/x86_64-linux-gnu /usr/lib/x86_64-linux-gnu/mesa '
lt_cv_sys_lib_search_path_spec='/usr/lib/gcc/x86_64-linux-gnu/4.7 /usr/lib/x86_64-linux-gnu /usr/lib /lib/x86_64-linux-gnu /lib'
lt_cv_sys_max_cmd_len=1572864
lt_lt_cv_prog_compiler_c_o='"yes"'
lt_lt_cv_sys_global_symbol_pipe='"sed -n -e '\''s/^.*[ 	]\\([ABCDGIRSTW][ABCDGIRSTW]*\\)[ 	][ 	]*\\([_A-Za-z][_A-Za-z0-9]*\\)\$/\\1 \\2 \\2/p'\''"'
lt_lt_cv_sys_global_symbol_to_c_name_address='"sed -n -e '\''s/^: \\([^ ]*\\) \$/  {\\\"\\1\\\", (lt_ptr) 0},/p'\'' -e '\''s/^[BCDEGRST] \\([^ ]*\\) \\([^ ]*\\)\$/  {\"\\2\", (lt_ptr) \\&\\2},/p'\''"'
lt_lt_cv_sys_global_symbol_to_cdecl='"sed -n -e '\''s/^. .* \\(.*\\)\$/extern int \\1;/p'\''"'
php_cv_cc_dashr=no
php_cv_cc_rpath=yes

## ----------------- ##
## Output variables. ##
## ----------------- ##

AR='ar'
AWK='nawk'
CC='cc'
CFLAGS='-g -O2'
CONFIGURE_COMMAND=' '\''./configure'\''  '\''--with-php-config=/usr/local/webserver/php/bin/php-config/php-config'\'''
CONFIGURE_OPTIONS=' '\''--with-php-config=/usr/local/webserver/php/bin/php-config/php-config'\'''
CPP='cc -E'
CPPFLAGS=' -DHAVE_CONFIG_H'
DEFS='-DHAVE_CONFIG_H'
DSYMUTIL=''
ECHO='echo'
ECHO_C=''
ECHO_N='-n'
ECHO_T=''
EGREP='/bin/grep -E'
EXEEXT=''
GREP='/bin/grep'
LDFLAGS=''
LIBOBJS=''
LIBS=''
LIBTOOL='$(SHELL) $(top_builddir)/libtool'
LN_S='ln -s'
LTLIBOBJS=''
NMEDIT=''
OBJEXT='o'
PACKAGE_BUGREPORT=''
PACKAGE_NAME=''
PACKAGE_STRING=''
PACKAGE_TARNAME=''
PACKAGE_URL=''
PACKAGE_VERSION=''
PATH_SEPARATOR=':'
RANLIB='ranlib'
RE2C='exit 0;'
SED='/bin/sed'
SHELL='/bin/bash'
SHLIB_DL_SUFFIX_NAME='so'
SHLIB_SUFFIX_NAME='so'
STRIP='strip'
ac_ct_CC='cc'
bindir='${exec_prefix}/bin'
build='x86_64-unknown-linux-gnu'
build_alias=''
build_cpu='x86_64'
build_os='linux-gnu'
build_vendor='unknown'
datadir='${datarootdir}'
datarootdir='${prefix}/share'
docdir='${datarootdir}/doc/${PACKAGE}'
dvidir='${docdir}'
exec_prefix='$(prefix)'
host='x86_64-unknown-linux-gnu'
host_alias='x86_64-unknown-linux-gnu'
host_cpu='x86_64'
host_os='linux-gnu'
host_vendor='unknown'
htmldir='${docdir}'
includedir='${prefix}/include'
infodir='${datarootdir}/info'
libdir='${exec_prefix}/lib'
libexecdir='${exec_prefix}/libexec'
localedir='${datarootdir}/locale'
localstatedir='${prefix}/var'
mandir='${datarootdir}/man'
oldincludedir='/usr/include'
pdfdir='${docdir}'
prefix='/usr/local/webserver/php'
program_transform_name='s,x,x,'
psdir='${docdir}'
sbindir='${exec_prefix}/sbin'
sharedstatedir='${prefix}/com'
sysconfdir='${prefix}/etc'
target='x86_64-unknown-linux-gnu'
target_alias=''
target_cpu='x86_64'
target_os='linux-gnu'
target_vendor='unknown'

## ----------- ##
## confdefs.h. ##
## ----------- ##

/* confdefs.h */
#define PACKAGE_NAME ""
#define PACKAGE_TARNAME ""
#define PACKAGE_VERSION ""
#define PACKAGE_STRING ""
#define PACKAGE_BUGREPORT ""
#define PACKAGE_URL ""
#define STDC_HEADERS 1
#define HAVE_SYS_TYPES_H 1
#define HAVE_SYS_STAT_H 1
#define HAVE_STDLIB_H 1
#define HAVE_STRING_H 1
#define HAVE_MEMORY_H 1
#define HAVE_STRINGS_H 1
#define HAVE_INTTYPES_H 1
#define HAVE_STDINT_H 1
#define HAVE_UNISTD_H 1
#define HAVE_DLFCN_H 1

configure: exit 0
